<?xml version="1.0" encoding="UTF-8"?>
<!-- Generated by org.testng.reporters.JUnitXMLReporter -->
<testsuite ignored="0" hostname="PYMB.local" failures="3" tests="9" name="Command line test" time="0.521" errors="0" timestamp="21 Sep 2020 21:40:19 GMT">
  <testcase classname="com.merchant.api.CommentTest" name="@BeforeClass setUp" time="0.068">
    <failure type="java.lang.IllegalArgumentException" message="baseURI cannot be null">
      <![CDATA[java.lang.IllegalArgumentException: baseURI cannot be null
at org.codehaus.groovy.runtime.callsite.ConstructorSite$ConstructorSiteNoUnwrap.callConstructor(ConstructorSite.java:84)
at org.codehaus.groovy.runtime.callsite.CallSiteArray.defaultCallConstructor(CallSiteArray.java:59)
at org.codehaus.groovy.runtime.callsite.AbstractCallSite.callConstructor(AbstractCallSite.java:263)
at org.codehaus.groovy.runtime.callsite.AbstractCallSite.callConstructor(AbstractCallSite.java:277)
at io.restassured.internal.common.assertion.AssertParameter.notNull(AssertParameter.groovy:26)
at io.restassured.internal.common.assertion.AssertParameter$notNull.callStatic(Unknown Source)
at org.codehaus.groovy.runtime.callsite.CallSiteArray.defaultCallStatic(CallSiteArray.java:55)
at org.codehaus.groovy.runtime.callsite.AbstractCallSite.callStatic(AbstractCallSite.java:217)
at org.codehaus.groovy.runtime.callsite.AbstractCallSite.callStatic(AbstractCallSite.java:240)
at io.restassured.internal.RequestSpecificationImpl.<init>(RequestSpecificationImpl.groovy:135)
at io.restassured.RestAssured.createTestSpecification(RestAssured.java:1452)
at io.restassured.RestAssured.given(RestAssured.java:653)
at com.merchant.api.ObjectCreatorService.createUser(ObjectCreatorService.java:15)
at com.merchant.api.CommentTest.setUp(CommentTest.java:31)
... Removed 42 stack frames]]>
    </failure>
  </testcase> <!-- @BeforeClass setUp -->
  <testcase classname="com.merchant.api.PostTest" name="@BeforeClass setUp" time="0.0">
    <failure type="java.lang.IllegalArgumentException" message="baseURI cannot be null">
      <![CDATA[java.lang.IllegalArgumentException: baseURI cannot be null
at org.codehaus.groovy.runtime.callsite.ConstructorSite$ConstructorSiteNoUnwrap.callConstructor(ConstructorSite.java:84)
at org.codehaus.groovy.runtime.callsite.AbstractCallSite.callConstructor(AbstractCallSite.java:277)
at io.restassured.internal.common.assertion.AssertParameter.notNull(AssertParameter.groovy:26)
at io.restassured.internal.common.assertion.AssertParameter$notNull.callStatic(Unknown Source)
at io.restassured.internal.RequestSpecificationImpl.<init>(RequestSpecificationImpl.groovy:135)
at io.restassured.RestAssured.createTestSpecification(RestAssured.java:1452)
at io.restassured.RestAssured.given(RestAssured.java:653)
at com.merchant.api.ObjectCreatorService.createUser(ObjectCreatorService.java:15)
at com.merchant.api.PostTest.setUp(PostTest.java:27)
... Removed 42 stack frames]]>
    </failure>
  </testcase> <!-- @BeforeClass setUp -->
  <testcase classname="com.merchant.api.CommentTest" name="createComment" time="0.0">
    <skipped/>
  </testcase> <!-- createComment -->
  <testcase classname="com.merchant.api.CommentTest" name="getComment" time="0.0">
    <skipped/>
  </testcase> <!-- getComment -->
  <testcase classname="com.merchant.api.CommentTest" name="updateComment" time="0.0">
    <skipped/>
  </testcase> <!-- updateComment -->
  <testcase classname="com.merchant.api.UserTest" name="createUser" time="0.0">
    <failure type="java.lang.IllegalArgumentException" message="baseURI cannot be null">
      <![CDATA[java.lang.IllegalArgumentException: baseURI cannot be null
at org.codehaus.groovy.runtime.callsite.ConstructorSite$ConstructorSiteNoUnwrap.callConstructor(ConstructorSite.java:84)
at org.codehaus.groovy.runtime.callsite.AbstractCallSite.callConstructor(AbstractCallSite.java:277)
at io.restassured.internal.common.assertion.AssertParameter.notNull(AssertParameter.groovy:26)
at io.restassured.internal.common.assertion.AssertParameter$notNull.callStatic(Unknown Source)
at io.restassured.internal.RequestSpecificationImpl.<init>(RequestSpecificationImpl.groovy:135)
at io.restassured.RestAssured.createTestSpecification(RestAssured.java:1452)
at io.restassured.RestAssured.given(RestAssured.java:653)
at com.merchant.api.ObjectCreatorService.createUser(ObjectCreatorService.java:15)
at com.merchant.api.UserTest.createUser(UserTest.java:40)
... Removed 41 stack frames]]>
    </failure>
  </testcase> <!-- createUser -->
  <testcase classname="com.merchant.api.UserTest" name="getUser" time="0.0">
    <failure type="java.lang.IllegalArgumentException" message="baseURI cannot be null">
      <![CDATA[java.lang.IllegalArgumentException: baseURI cannot be null
at org.codehaus.groovy.runtime.callsite.ConstructorSite$ConstructorSiteNoUnwrap.callConstructor(ConstructorSite.java:84)
at org.codehaus.groovy.runtime.callsite.AbstractCallSite.callConstructor(AbstractCallSite.java:277)
at io.restassured.internal.common.assertion.AssertParameter.notNull(AssertParameter.groovy:26)
at io.restassured.internal.common.assertion.AssertParameter$notNull.callStatic(Unknown Source)
at io.restassured.internal.RequestSpecificationImpl.<init>(RequestSpecificationImpl.groovy:135)
at io.restassured.RestAssured.createTestSpecification(RestAssured.java:1452)
at io.restassured.RestAssured.given(RestAssured.java:653)
at com.merchant.api.UserTest.getUser(UserTest.java:48)
... Removed 41 stack frames]]>
    </failure>
  </testcase> <!-- getUser -->
  <testcase classname="com.merchant.api.UserTest" name="updateUser" time="0.0">
    <failure type="java.lang.IllegalArgumentException" message="baseURI cannot be null">
      <![CDATA[java.lang.IllegalArgumentException: baseURI cannot be null
at org.codehaus.groovy.runtime.callsite.ConstructorSite$ConstructorSiteNoUnwrap.callConstructor(ConstructorSite.java:84)
at org.codehaus.groovy.runtime.callsite.AbstractCallSite.callConstructor(AbstractCallSite.java:277)
at io.restassured.internal.common.assertion.AssertParameter.notNull(AssertParameter.groovy:26)
at io.restassured.internal.common.assertion.AssertParameter$notNull.callStatic(Unknown Source)
at io.restassured.internal.RequestSpecificationImpl.<init>(RequestSpecificationImpl.groovy:135)
at io.restassured.RestAssured.createTestSpecification(RestAssured.java:1452)
at io.restassured.RestAssured.given(RestAssured.java:653)
at com.merchant.api.UserTest.updateUser(UserTest.java:61)
... Removed 41 stack frames]]>
    </failure>
  </testcase> <!-- updateUser -->
  <testcase classname="com.merchant.api.PostTest" name="createPost" time="0.0">
    <skipped/>
  </testcase> <!-- createPost -->
  <testcase classname="com.merchant.api.PostTest" name="getPost" time="0.0">
    <skipped/>
  </testcase> <!-- getPost -->
  <testcase classname="com.merchant.api.PostTest" name="updatePost" time="0.0">
    <skipped/>
  </testcase> <!-- updatePost -->
</testsuite> <!-- Command line test -->
