<?xml version="1.0" encoding="UTF-8"?>
<!-- Generated by org.testng.reporters.JUnitXMLReporter -->
<testsuite hostname="PYMB.local" ignored="0" name="commentTests" tests="3" failures="0" timestamp="21 Sep 2020 21:02:02 GMT" time="1.875" errors="0">
  <testcase name="createComment" time="0.268" classname="com.merchant.api.CommentTest"/>
  <testcase name="getComment" time="0.417" classname="com.merchant.api.CommentTest"/>
  <testcase name="updateComment" time="0.439" classname="com.merchant.api.CommentTest"/>
</testsuite> <!-- commentTests -->
