<?xml version="1.0" encoding="UTF-8"?>
<!-- Generated by org.testng.reporters.JUnitXMLReporter -->
<testsuite hostname="PYMB.local" ignored="0" name="postTests" tests="3" failures="0" timestamp="21 Sep 2020 21:02:00 GMT" time="1.449" errors="0">
  <testcase name="createPost" time="0.255" classname="com.merchant.api.PostTest"/>
  <testcase name="getPost" time="0.432" classname="com.merchant.api.PostTest"/>
  <testcase name="updatePost" time="0.53" classname="com.merchant.api.PostTest"/>
</testsuite> <!-- postTests -->
