<?xml version="1.0" encoding="UTF-8"?>
<!-- Generated by org.testng.reporters.JUnitXMLReporter -->
<testsuite hostname="PYMB.local" ignored="0" name="userTests" tests="3" failures="0" timestamp="21 Sep 2020 21:01:59 GMT" time="2.002" errors="0">
  <testcase name="createUser" time="1.351" classname="com.merchant.api.UserTest"/>
  <testcase name="getUser" time="0.11" classname="com.merchant.api.UserTest"/>
  <testcase name="updateUser" time="0.216" classname="com.merchant.api.UserTest"/>
</testsuite> <!-- userTests -->
